# JRE version: OpenJDK Runtime Environment (11.0.8+10) (build 11.0.8+10-b944.6842174)
# Java VM: OpenJDK 64-Bit Server VM (11.0.8+10-b944.6842174, mixed mode, tiered, compressed oops, g1 gc, windows-amd64)
Heap:
 garbage-first heap   total 229376K, used 170505K [0x0000000080000000, 0x0000000100000000)
  region size 1024K, 69 young (70656K), 3 survivors (3072K)
 Metaspace       used 106106K, capacity 108563K, committed 109004K, reserved 1144832K
  class space    used 13170K, capacity 14038K, committed 14336K, reserved 1048576K
GC Heap History (20 events):
Event: 36.448 GC heap before
{Heap before GC invocations=28 (full 0):
 garbage-first heap   total 229376K, used 169925K [0x0000000080000000, 0x0000000100000000)
  region size 1024K, 43 young (44032K), 1 survivors (1024K)
 Metaspace       used 100149K, capacity 102570K, committed 103116K, reserved 1138688K
  class space    used 12686K, capacity 13533K, committed 13824K, reserved 1048576K
}
Event: 36.455 GC heap after
{Heap after GC invocations=29 (full 0):
 garbage-first heap   total 229376K, used 131293K [0x0000000080000000, 0x0000000100000000)
  region size 1024K, 5 young (5120K), 5 survivors (5120K)
 Metaspace       used 100149K, capacity 102570K, committed 103116K, reserved 1138688K
  class space    used 12686K, capacity 13533K, committed 13824K, reserved 1048576K
}
Event: 36.516 GC heap before
{Heap before GC invocations=29 (full 0):
 garbage-first heap   total 229376K, used 136413K [0x0000000080000000, 0x0000000100000000)
  region size 1024K, 11 young (11264K), 5 survivors (5120K)
 Metaspace       used 100209K, capacity 102649K, committed 103372K, reserved 1138688K
  class space    used 12686K, capacity 13533K, committed 13824K, reserved 1048576K
}
Event: 36.528 GC heap after
{Heap after GC invocations=30 (full 0):
 garbage-first heap   total 229376K, used 110434K [0x0000000080000000, 0x0000000100000000)
  region size 1024K, 1 young (1024K), 1 survivors (1024K)
 Metaspace       used 100209K, capacity 102649K, committed 103372K, reserved 1138688K
  class space    used 12686K, capacity 13533K, committed 13824K, reserved 1048576K
}
Event: 36.720 GC heap before
{Heap before GC invocations=30 (full 0):
 garbage-first heap   total 229376K, used 127842K [0x0000000080000000, 0x0000000100000000)
  region size 1024K, 20 young (20480K), 1 survivors (1024K)
 Metaspace       used 100395K, capacity 102825K, committed 103372K, reserved 1138688K
  class space    used 12705K, capacity 13566K, committed 13824K, reserved 1048576K
}
Event: 36.725 GC heap after
{Heap after GC invocations=31 (full 0):
 garbage-first heap   total 229376K, used 110571K [0x0000000080000000, 0x0000000100000000)
  region size 1024K, 1 young (1024K), 1 survivors (1024K)
 Metaspace       used 100395K, capacity 102825K, committed 103372K, reserved 1138688K
  class space    used 12705K, capacity 13566K, committed 13824K, reserved 1048576K
}
Event: 37.718 GC heap before
{Heap before GC invocations=32 (full 0):
 garbage-first heap   total 229376K, used 164843K [0x0000000080000000, 0x0000000100000000)
  region size 1024K, 58 young (59392K), 1 survivors (1024K)
 Metaspace       used 101590K, capacity 104031K, committed 104524K, reserved 1140736K
  class space    used 12824K, capacity 13669K, committed 13952K, reserved 1048576K
}
Event: 37.730 GC heap after
{Heap after GC invocations=33 (full 0):
 garbage-first heap   total 229376K, used 119948K [0x0000000080000000, 0x0000000100000000)
  region size 1024K, 8 young (8192K), 8 survivors (8192K)
 Metaspace       used 101590K, capacity 104031K, committed 104524K, reserved 1140736K
  class space    used 12824K, capacity 13669K, committed 13952K, reserved 1048576K
}
Event: 37.831 GC heap before
{Heap before GC invocations=33 (full 0):
 garbage-first heap   total 229376K, used 138380K [0x0000000080000000, 0x0000000100000000)
  region size 1024K, 11 young (11264K), 8 survivors (8192K)
 Metaspace       used 101636K, capacity 104055K, committed 104524K, reserved 1140736K
  class space    used 12829K, capacity 13673K, committed 13952K, reserved 1048576K
}
Event: 37.842 GC heap after
{Heap after GC invocations=34 (full 0):
 garbage-first heap   total 229376K, used 99590K [0x0000000080000000, 0x0000000100000000)
  region size 1024K, 2 young (2048K), 2 survivors (2048K)
 Metaspace       used 101636K, capacity 104055K, committed 104524K, reserved 1140736K
  class space    used 12829K, capacity 13673K, committed 13952K, reserved 1048576K
}
Event: 38.011 GC heap before
{Heap before GC invocations=34 (full 0):
 garbage-first heap   total 229376K, used 107782K [0x0000000080000000, 0x0000000100000000)
  region size 1024K, 11 young (11264K), 2 survivors (2048K)
 Metaspace       used 102004K, capacity 104346K, committed 104780K, reserved 1140736K
  class space    used 12858K, capacity 13706K, committed 13952K, reserved 1048576K
}
Event: 38.017 GC heap after
{Heap after GC invocations=35 (full 0):
 garbage-first heap   total 229376K, used 96269K [0x0000000080000000, 0x0000000100000000)
  region size 1024K, 1 young (1024K), 1 survivors (1024K)
 Metaspace       used 102004K, capacity 104346K, committed 104780K, reserved 1140736K
  class space    used 12858K, capacity 13706K, committed 13952K, reserved 1048576K
}
Event: 38.752 GC heap before
{Heap before GC invocations=35 (full 0):
 garbage-first heap   total 229376K, used 157709K [0x0000000080000000, 0x0000000100000000)
  region size 1024K, 62 young (63488K), 1 survivors (1024K)
 Metaspace       used 104303K, capacity 106687K, committed 107212K, reserved 1142784K
  class space    used 13035K, capacity 13866K, committed 14080K, reserved 1048576K
}
Event: 38.757 GC heap after
{Heap after GC invocations=36 (full 0):
 garbage-first heap   total 229376K, used 102099K [0x0000000080000000, 0x0000000100000000)
  region size 1024K, 7 young (7168K), 7 survivors (7168K)
 Metaspace       used 104303K, capacity 106687K, committed 107212K, reserved 1142784K
  class space    used 13035K, capacity 13866K, committed 14080K, reserved 1048576K
}
Event: 41.445 GC heap before
{Heap before GC invocations=36 (full 0):
 garbage-first heap   total 229376K, used 163539K [0x0000000080000000, 0x0000000100000000)
  region size 1024K, 68 young (69632K), 7 survivors (7168K)
 Metaspace       used 105495K, capacity 107913K, committed 108364K, reserved 1142784K
  class space    used 13131K, capacity 13996K, committed 14208K, reserved 1048576K
}
Event: 41.451 GC heap after
{Heap after GC invocations=37 (full 0):
 garbage-first heap   total 229376K, used 99889K [0x0000000080000000, 0x0000000100000000)
  region size 1024K, 4 young (4096K), 4 survivors (4096K)
 Metaspace       used 105495K, capacity 107913K, committed 108364K, reserved 1142784K
  class space    used 13131K, capacity 13996K, committed 14208K, reserved 1048576K
}
Event: 42.177 GC heap before
{Heap before GC invocations=37 (full 0):
 garbage-first heap   total 229376K, used 166449K [0x0000000080000000, 0x0000000100000000)
  region size 1024K, 70 young (71680K), 4 survivors (4096K)
 Metaspace       used 106084K, capacity 108499K, committed 109004K, reserved 1144832K
  class space    used 13168K, capacity 14038K, committed 14336K, reserved 1048576K
}
Event: 42.181 GC heap after
{Heap after GC invocations=38 (full 0):
 garbage-first heap   total 229376K, used 102397K [0x0000000080000000, 0x0000000100000000)
  region size 1024K, 6 young (6144K), 6 survivors (6144K)
 Metaspace       used 106084K, capacity 108499K, committed 109004K, reserved 1144832K
  class space    used 13168K, capacity 14038K, committed 14336K, reserved 1048576K
}
Event: 42.585 GC heap before
{Heap before GC invocations=38 (full 0):
 garbage-first heap   total 229376K, used 173053K [0x0000000080000000, 0x0000000100000000)
  region size 1024K, 75 young (76800K), 6 survivors (6144K)
 Metaspace       used 106100K, capacity 108563K, committed 109004K, reserved 1144832K
  class space    used 13168K, capacity 14038K, committed 14336K, reserved 1048576K
}
Event: 42.588 GC heap after
{Heap after GC invocations=39 (full 0):
 garbage-first heap   total 229376K, used 101897K [0x0000000080000000, 0x0000000100000000)
  region size 1024K, 3 young (3072K), 3 survivors (3072K)
 Metaspace       used 106100K, capacity 108563K, committed 109004K, reserved 1144832K
  class space    used 13168K, capacity 14038K, committed 14336K, reserved 1048576K
}

