# JRE version: OpenJDK Runtime Environment (11.0.8+10) (build 11.0.8+10-b944.6842174)
# Java VM: OpenJDK 64-Bit Server VM (11.0.8+10-b944.6842174, mixed mode, tiered, compressed oops, g1 gc, windows-amd64)
Heap:
 garbage-first heap   total 155648K, used 119047K [0x0000000080000000, 0x0000000100000000)
  region size 1024K, 54 young (55296K), 9 survivors (9216K)
 Metaspace       used 78161K, capacity 80213K, committed 80256K, reserved 1118208K
  class space    used 10146K, capacity 10849K, committed 10880K, reserved 1048576K
GC Heap History (20 events):
Event: 3.536 GC heap before
{Heap before GC invocations=5 (full 0):
 garbage-first heap   total 129024K, used 64260K [0x0000000080000000, 0x0000000100000000)
  region size 1024K, 49 young (50176K), 3 survivors (3072K)
 Metaspace       used 35096K, capacity 35813K, committed 35840K, reserved 1081344K
  class space    used 4569K, capacity 4856K, committed 4864K, reserved 1048576K
}
Event: 3.544 GC heap after
{Heap after GC invocations=6 (full 0):
 garbage-first heap   total 129024K, used 21329K [0x0000000080000000, 0x0000000100000000)
  region size 1024K, 6 young (6144K), 6 survivors (6144K)
 Metaspace       used 35096K, capacity 35813K, committed 35840K, reserved 1081344K
  class space    used 4569K, capacity 4856K, committed 4864K, reserved 1048576K
}
Event: 4.248 GC heap before
{Heap before GC invocations=7 (full 0):
 garbage-first heap   total 129024K, used 85841K [0x0000000080000000, 0x0000000100000000)
  region size 1024K, 66 young (67584K), 6 survivors (6144K)
 Metaspace       used 41031K, capacity 41941K, committed 42240K, reserved 1085440K
  class space    used 5255K, capacity 5571K, committed 5632K, reserved 1048576K
}
Event: 4.258 GC heap after
{Heap after GC invocations=8 (full 0):
 garbage-first heap   total 129024K, used 24529K [0x0000000080000000, 0x0000000100000000)
  region size 1024K, 7 young (7168K), 7 survivors (7168K)
 Metaspace       used 41031K, capacity 41941K, committed 42240K, reserved 1085440K
  class space    used 5255K, capacity 5571K, committed 5632K, reserved 1048576K
}
Event: 5.008 GC heap before
{Heap before GC invocations=8 (full 0):
 garbage-first heap   total 129024K, used 85969K [0x0000000080000000, 0x0000000100000000)
  region size 1024K, 68 young (69632K), 7 survivors (7168K)
 Metaspace       used 44276K, capacity 45411K, committed 45568K, reserved 1089536K
  class space    used 5680K, capacity 6088K, committed 6144K, reserved 1048576K
}
Event: 5.013 GC heap after
{Heap after GC invocations=9 (full 0):
 garbage-first heap   total 129024K, used 27451K [0x0000000080000000, 0x0000000100000000)
  region size 1024K, 6 young (6144K), 6 survivors (6144K)
 Metaspace       used 44276K, capacity 45411K, committed 45568K, reserved 1089536K
  class space    used 5680K, capacity 6088K, committed 6144K, reserved 1048576K
}
Event: 5.973 GC heap before
{Heap before GC invocations=9 (full 0):
 garbage-first heap   total 129024K, used 94011K [0x0000000080000000, 0x0000000100000000)
  region size 1024K, 68 young (69632K), 6 survivors (6144K)
 Metaspace       used 51908K, capacity 53162K, committed 53376K, reserved 1095680K
  class space    used 6616K, capacity 7040K, committed 7040K, reserved 1048576K
}
Event: 5.979 GC heap after
{Heap after GC invocations=10 (full 0):
 garbage-first heap   total 129024K, used 37942K [0x0000000080000000, 0x0000000100000000)
  region size 1024K, 9 young (9216K), 9 survivors (9216K)
 Metaspace       used 51908K, capacity 53162K, committed 53376K, reserved 1095680K
  class space    used 6616K, capacity 7040K, committed 7040K, reserved 1048576K
}
Event: 6.924 GC heap before
{Heap before GC invocations=10 (full 0):
 garbage-first heap   total 129024K, used 94262K [0x0000000080000000, 0x0000000100000000)
  region size 1024K, 65 young (66560K), 9 survivors (9216K)
 Metaspace       used 58625K, capacity 59985K, committed 60160K, reserved 1101824K
  class space    used 7433K, capacity 7913K, committed 7936K, reserved 1048576K
}
Event: 6.936 GC heap after
{Heap after GC invocations=11 (full 0):
 garbage-first heap   total 129024K, used 43914K [0x0000000080000000, 0x0000000100000000)
  region size 1024K, 6 young (6144K), 6 survivors (6144K)
 Metaspace       used 58625K, capacity 59985K, committed 60160K, reserved 1101824K
  class space    used 7433K, capacity 7913K, committed 7936K, reserved 1048576K
}
Event: 7.653 GC heap before
{Heap before GC invocations=12 (full 0):
 garbage-first heap   total 129024K, used 98186K [0x0000000080000000, 0x0000000100000000)
  region size 1024K, 59 young (60416K), 6 survivors (6144K)
 Metaspace       used 63233K, capacity 64756K, committed 64896K, reserved 1105920K
  class space    used 8226K, capacity 8731K, committed 8832K, reserved 1048576K
}
Event: 7.660 GC heap after
{Heap after GC invocations=13 (full 0):
 garbage-first heap   total 155648K, used 47550K [0x0000000080000000, 0x0000000100000000)
  region size 1024K, 5 young (5120K), 5 survivors (5120K)
 Metaspace       used 63233K, capacity 64756K, committed 64896K, reserved 1105920K
  class space    used 8226K, capacity 8731K, committed 8832K, reserved 1048576K
}
Event: 8.652 GC heap before
{Heap before GC invocations=13 (full 0):
 garbage-first heap   total 155648K, used 112062K [0x0000000080000000, 0x0000000100000000)
  region size 1024K, 68 young (69632K), 5 survivors (5120K)
 Metaspace       used 70459K, capacity 72153K, committed 72320K, reserved 1112064K
  class space    used 9256K, capacity 9831K, committed 9856K, reserved 1048576K
}
Event: 8.658 GC heap after
{Heap after GC invocations=14 (full 0):
 garbage-first heap   total 155648K, used 50633K [0x0000000080000000, 0x0000000100000000)
  region size 1024K, 8 young (8192K), 8 survivors (8192K)
 Metaspace       used 70459K, capacity 72153K, committed 72320K, reserved 1112064K
  class space    used 9256K, capacity 9831K, committed 9856K, reserved 1048576K
}
Event: 9.686 GC heap before
{Heap before GC invocations=14 (full 0):
 garbage-first heap   total 155648K, used 114121K [0x0000000080000000, 0x0000000100000000)
  region size 1024K, 71 young (72704K), 8 survivors (8192K)
 Metaspace       used 75542K, capacity 77475K, committed 77824K, reserved 1116160K
  class space    used 9940K, capacity 10636K, committed 10752K, reserved 1048576K
}
Event: 9.694 GC heap after
{Heap after GC invocations=15 (full 0):
 garbage-first heap   total 155648K, used 55091K [0x0000000080000000, 0x0000000100000000)
  region size 1024K, 8 young (8192K), 8 survivors (8192K)
 Metaspace       used 75542K, capacity 77475K, committed 77824K, reserved 1116160K
  class space    used 9940K, capacity 10636K, committed 10752K, reserved 1048576K
}
Event: 10.598 GC heap before
{Heap before GC invocations=15 (full 0):
 garbage-first heap   total 155648K, used 118579K [0x0000000080000000, 0x0000000100000000)
  region size 1024K, 71 young (72704K), 8 survivors (8192K)
 Metaspace       used 77095K, capacity 79096K, committed 79232K, reserved 1118208K
  class space    used 10064K, capacity 10758K, committed 10880K, reserved 1048576K
}
Event: 10.608 GC heap after
{Heap after GC invocations=16 (full 0):
 garbage-first heap   total 155648K, used 59998K [0x0000000080000000, 0x0000000100000000)
  region size 1024K, 9 young (9216K), 9 survivors (9216K)
 Metaspace       used 77095K, capacity 79096K, committed 79232K, reserved 1118208K
  class space    used 10064K, capacity 10758K, committed 10880K, reserved 1048576K
}
Event: 11.199 GC heap before
{Heap before GC invocations=16 (full 0):
 garbage-first heap   total 155648K, used 123486K [0x0000000080000000, 0x0000000100000000)
  region size 1024K, 69 young (70656K), 9 survivors (9216K)
 Metaspace       used 77338K, capacity 79363K, committed 79488K, reserved 1118208K
  class space    used 10064K, capacity 10758K, committed 10880K, reserved 1048576K
}
Event: 11.211 GC heap after
{Heap after GC invocations=17 (full 0):
 garbage-first heap   total 155648K, used 71943K [0x0000000080000000, 0x0000000100000000)
  region size 1024K, 9 young (9216K), 9 survivors (9216K)
 Metaspace       used 77338K, capacity 79363K, committed 79488K, reserved 1118208K
  class space    used 10064K, capacity 10758K, committed 10880K, reserved 1048576K
}

